<?xml version='1.0' encoding='UTF-8' ?>
<testsuite name="com.example.lunchtray.MenuContentTests" tests="22" failures="0" errors="0" skipped="0" time="65.269" timestamp="2023-10-23T14:56:26" hostname="localhost">
  <properties>
    <property name="device" value="Nexus_5X_API_34(AVD) - 14" />
    <property name="flavor" value="" />
    <property name="project" value=":app" />
  </properties>
  <testcase name="side_menu_item_content" classname="com.example.lunchtray.MenuContentTests" time="2.322" />
  <testcase name="entree_menu_item_content" classname="com.example.lunchtray.MenuContentTests" time="1.29" />
  <testcase name="accompaniment_menu_item_content" classname="com.example.lunchtray.MenuContentTests" time="1.052" />
  <testcase name="navigate_to_start_order_from_checkout" classname="com.example.lunchtray.NavigationTests" time="1.211" />
  <testcase name="navigate_to_start_order_from_entree_menu" classname="com.example.lunchtray.NavigationTests" time="1.126" />
  <testcase name="navigate_to_checkout_from_accompaniment_menu" classname="com.example.lunchtray.NavigationTests" time="1.411" />
  <testcase name="navigate_to_entree_menu_from_start_order" classname="com.example.lunchtray.NavigationTests" time="1.308" />
  <testcase name="navigate_to_start_order_from_checkout_via_submit" classname="com.example.lunchtray.NavigationTests" time="1.831" />
  <testcase name="navigate_to_start_order_from_accompaniment_menu" classname="com.example.lunchtray.NavigationTests" time="1.032" />
  <testcase name="navigate_to_accompaniment_menu_from_side_menu" classname="com.example.lunchtray.NavigationTests" time="1.057" />
  <testcase name="navigate_to_start_order_from_side_menu" classname="com.example.lunchtray.NavigationTests" time="0.897" />
  <testcase name="navigate_to_side_menu_from_entree_menu" classname="com.example.lunchtray.NavigationTests" time="0.926" />
  <testcase name="test01_radio_buttons_update_entree_menu_subtotal" classname="com.example.lunchtray.OrderFunctionalityTests" time="3.16" />
  <testcase name="test02_radio_buttons_update_side_menu_subtotal" classname="com.example.lunchtray.OrderFunctionalityTests" time="3.37" />
  <testcase name="test03_radio_buttons_update_accompaniment_menu_subtotal" classname="com.example.lunchtray.OrderFunctionalityTests" time="2.362" />
  <testcase name="test04_subtotal_updates_in_full_order_flow" classname="com.example.lunchtray.OrderFunctionalityTests" time="4.118" />
  <testcase name="test05_subtotal_tax_total_in_checkout" classname="com.example.lunchtray.OrderFunctionalityTests" time="3.764" />
  <testcase name="test06_order_reset_after_cancel_from_entree_menu" classname="com.example.lunchtray.OrderFunctionalityTests" time="2.038" />
  <testcase name="test07_order_reset_after_cancel_from_side_menu" classname="com.example.lunchtray.OrderFunctionalityTests" time="2.886" />
  <testcase name="test08_order_reset_after_cancel_from_accompaniment_menu" classname="com.example.lunchtray.OrderFunctionalityTests" time="3.915" />
  <testcase name="test09_order_reset_after_cancel_from_checkout" classname="com.example.lunchtray.OrderFunctionalityTests" time="4.249" />
  <testcase name="test10_order_snackbar" classname="com.example.lunchtray.OrderFunctionalityTests" time="3.986" />
</testsuite>